[github.com/flipped-aurora/gin-vue-admin/server]2021/11/29 - 00:17:27.258	[35mdebug[0m	D:/goPro/src/github.com/n1n1n1_owner/crmServer/utils/directory.go:40	create directoryautocode_template\server\call_dialplan\api
[github.com/flipped-aurora/gin-vue-admin/server]2021/11/29 - 00:17:27.261	[35mdebug[0m	D:/goPro/src/github.com/n1n1n1_owner/crmServer/utils/directory.go:40	create directoryautocode_template\server\call_dialplan\model
[github.com/flipped-aurora/gin-vue-admin/server]2021/11/29 - 00:17:27.261	[35mdebug[0m	D:/goPro/src/github.com/n1n1n1_owner/crmServer/utils/directory.go:40	create directoryautocode_template\server\call_dialplan\request
[github.com/flipped-aurora/gin-vue-admin/server]2021/11/29 - 00:17:27.262	[35mdebug[0m	D:/goPro/src/github.com/n1n1n1_owner/crmServer/utils/directory.go:40	create directoryautocode_template\server\call_dialplan\router
[github.com/flipped-aurora/gin-vue-admin/server]2021/11/29 - 00:17:27.263	[35mdebug[0m	D:/goPro/src/github.com/n1n1n1_owner/crmServer/utils/directory.go:40	create directoryautocode_template\server\call_dialplan\service
[github.com/flipped-aurora/gin-vue-admin/server]2021/11/29 - 00:17:27.263	[35mdebug[0m	D:/goPro/src/github.com/n1n1n1_owner/crmServer/utils/directory.go:40	create directoryautocode_template\web\call_dialplan\api
[github.com/flipped-aurora/gin-vue-admin/server]2021/11/29 - 00:17:27.265	[35mdebug[0m	D:/goPro/src/github.com/n1n1n1_owner/crmServer/utils/directory.go:40	create directoryautocode_template\web\call_dialplan\form
[github.com/flipped-aurora/gin-vue-admin/server]2021/11/29 - 00:17:27.265	[35mdebug[0m	D:/goPro/src/github.com/n1n1n1_owner/crmServer/utils/directory.go:40	create directoryautocode_template\web\call_dialplan\table
[github.com/flipped-aurora/gin-vue-admin/server]2021/11/29 - 00:17:39.246	[35mdebug[0m	D:/goPro/src/github.com/n1n1n1_owner/crmServer/utils/directory.go:40	create directoryautocode_template\server\call_dialplan\api
[github.com/flipped-aurora/gin-vue-admin/server]2021/11/29 - 00:17:39.247	[35mdebug[0m	D:/goPro/src/github.com/n1n1n1_owner/crmServer/utils/directory.go:40	create directoryautocode_template\server\call_dialplan\model
[github.com/flipped-aurora/gin-vue-admin/server]2021/11/29 - 00:17:39.247	[35mdebug[0m	D:/goPro/src/github.com/n1n1n1_owner/crmServer/utils/directory.go:40	create directoryautocode_template\server\call_dialplan\request
[github.com/flipped-aurora/gin-vue-admin/server]2021/11/29 - 00:17:39.248	[35mdebug[0m	D:/goPro/src/github.com/n1n1n1_owner/crmServer/utils/directory.go:40	create directoryautocode_template\server\call_dialplan\router
[github.com/flipped-aurora/gin-vue-admin/server]2021/11/29 - 00:17:39.249	[35mdebug[0m	D:/goPro/src/github.com/n1n1n1_owner/crmServer/utils/directory.go:40	create directoryautocode_template\server\call_dialplan\service
[github.com/flipped-aurora/gin-vue-admin/server]2021/11/29 - 00:17:39.250	[35mdebug[0m	D:/goPro/src/github.com/n1n1n1_owner/crmServer/utils/directory.go:40	create directoryautocode_template\web\call_dialplan\api
[github.com/flipped-aurora/gin-vue-admin/server]2021/11/29 - 00:17:39.253	[35mdebug[0m	D:/goPro/src/github.com/n1n1n1_owner/crmServer/utils/directory.go:40	create directoryautocode_template\web\call_dialplan\form
[github.com/flipped-aurora/gin-vue-admin/server]2021/11/29 - 00:17:39.253	[35mdebug[0m	D:/goPro/src/github.com/n1n1n1_owner/crmServer/utils/directory.go:40	create directoryautocode_template\web\call_dialplan\table
[github.com/flipped-aurora/gin-vue-admin/server]2021/11/29 - 00:18:42.981	[35mdebug[0m	D:/goPro/src/github.com/n1n1n1_owner/crmServer/utils/directory.go:40	create directoryautocode_template\server\call_dialplan\api
[github.com/flipped-aurora/gin-vue-admin/server]2021/11/29 - 00:18:42.983	[35mdebug[0m	D:/goPro/src/github.com/n1n1n1_owner/crmServer/utils/directory.go:40	create directoryautocode_template\server\call_dialplan\model
[github.com/flipped-aurora/gin-vue-admin/server]2021/11/29 - 00:18:42.985	[35mdebug[0m	D:/goPro/src/github.com/n1n1n1_owner/crmServer/utils/directory.go:40	create directoryautocode_template\server\call_dialplan\request
[github.com/flipped-aurora/gin-vue-admin/server]2021/11/29 - 00:18:42.985	[35mdebug[0m	D:/goPro/src/github.com/n1n1n1_owner/crmServer/utils/directory.go:40	create directoryautocode_template\server\call_dialplan\router
[github.com/flipped-aurora/gin-vue-admin/server]2021/11/29 - 00:18:42.986	[35mdebug[0m	D:/goPro/src/github.com/n1n1n1_owner/crmServer/utils/directory.go:40	create directoryautocode_template\server\call_dialplan\service
[github.com/flipped-aurora/gin-vue-admin/server]2021/11/29 - 00:18:42.987	[35mdebug[0m	D:/goPro/src/github.com/n1n1n1_owner/crmServer/utils/directory.go:40	create directoryautocode_template\web\call_dialplan\api
[github.com/flipped-aurora/gin-vue-admin/server]2021/11/29 - 00:18:42.988	[35mdebug[0m	D:/goPro/src/github.com/n1n1n1_owner/crmServer/utils/directory.go:40	create directoryautocode_template\web\call_dialplan\form
[github.com/flipped-aurora/gin-vue-admin/server]2021/11/29 - 00:18:42.988	[35mdebug[0m	D:/goPro/src/github.com/n1n1n1_owner/crmServer/utils/directory.go:40	create directoryautocode_template\web\call_dialplan\table
[github.com/flipped-aurora/gin-vue-admin/server]2021/12/06 - 23:37:03.105	[35mdebug[0m	D:/goPro/src/github.com/n1n1n1_owner/crmServer/utils/directory.go:40	create directoryautocode_template\server\sipRegistrations\api
[github.com/flipped-aurora/gin-vue-admin/server]2021/12/06 - 23:37:03.115	[35mdebug[0m	D:/goPro/src/github.com/n1n1n1_owner/crmServer/utils/directory.go:40	create directoryautocode_template\server\sipRegistrations\model
[github.com/flipped-aurora/gin-vue-admin/server]2021/12/06 - 23:37:03.116	[35mdebug[0m	D:/goPro/src/github.com/n1n1n1_owner/crmServer/utils/directory.go:40	create directoryautocode_template\server\sipRegistrations\request
[github.com/flipped-aurora/gin-vue-admin/server]2021/12/06 - 23:37:03.116	[35mdebug[0m	D:/goPro/src/github.com/n1n1n1_owner/crmServer/utils/directory.go:40	create directoryautocode_template\server\sipRegistrations\router
[github.com/flipped-aurora/gin-vue-admin/server]2021/12/06 - 23:37:03.116	[35mdebug[0m	D:/goPro/src/github.com/n1n1n1_owner/crmServer/utils/directory.go:40	create directoryautocode_template\server\sipRegistrations\service
[github.com/flipped-aurora/gin-vue-admin/server]2021/12/06 - 23:37:03.117	[35mdebug[0m	D:/goPro/src/github.com/n1n1n1_owner/crmServer/utils/directory.go:40	create directoryautocode_template\web\sipRegistrations\api
[github.com/flipped-aurora/gin-vue-admin/server]2021/12/06 - 23:37:03.118	[35mdebug[0m	D:/goPro/src/github.com/n1n1n1_owner/crmServer/utils/directory.go:40	create directoryautocode_template\web\sipRegistrations\form
[github.com/flipped-aurora/gin-vue-admin/server]2021/12/06 - 23:37:03.119	[35mdebug[0m	D:/goPro/src/github.com/n1n1n1_owner/crmServer/utils/directory.go:40	create directoryautocode_template\web\sipRegistrations\table
[github.com/flipped-aurora/gin-vue-admin/server]2021/12/06 - 23:37:36.761	[35mdebug[0m	D:/goPro/src/github.com/n1n1n1_owner/crmServer/utils/directory.go:40	create directoryautocode_template\server\sipRegistrations\api
[github.com/flipped-aurora/gin-vue-admin/server]2021/12/06 - 23:37:36.763	[35mdebug[0m	D:/goPro/src/github.com/n1n1n1_owner/crmServer/utils/directory.go:40	create directoryautocode_template\server\sipRegistrations\model
[github.com/flipped-aurora/gin-vue-admin/server]2021/12/06 - 23:37:36.763	[35mdebug[0m	D:/goPro/src/github.com/n1n1n1_owner/crmServer/utils/directory.go:40	create directoryautocode_template\server\sipRegistrations\request
[github.com/flipped-aurora/gin-vue-admin/server]2021/12/06 - 23:37:36.764	[35mdebug[0m	D:/goPro/src/github.com/n1n1n1_owner/crmServer/utils/directory.go:40	create directoryautocode_template\server\sipRegistrations\router
[github.com/flipped-aurora/gin-vue-admin/server]2021/12/06 - 23:37:36.765	[35mdebug[0m	D:/goPro/src/github.com/n1n1n1_owner/crmServer/utils/directory.go:40	create directoryautocode_template\server\sipRegistrations\service
[github.com/flipped-aurora/gin-vue-admin/server]2021/12/06 - 23:37:36.765	[35mdebug[0m	D:/goPro/src/github.com/n1n1n1_owner/crmServer/utils/directory.go:40	create directoryautocode_template\web\sipRegistrations\api
[github.com/flipped-aurora/gin-vue-admin/server]2021/12/06 - 23:37:36.782	[35mdebug[0m	D:/goPro/src/github.com/n1n1n1_owner/crmServer/utils/directory.go:40	create directoryautocode_template\web\sipRegistrations\form
[github.com/flipped-aurora/gin-vue-admin/server]2021/12/06 - 23:37:36.783	[35mdebug[0m	D:/goPro/src/github.com/n1n1n1_owner/crmServer/utils/directory.go:40	create directoryautocode_template\web\sipRegistrations\table
[github.com/flipped-aurora/gin-vue-admin/server]2021/12/06 - 23:41:40.759	[35mdebug[0m	D:/goPro/src/github.com/n1n1n1_owner/crmServer/utils/directory.go:40	create directoryautocode_template\server\sipRegistrations\api
[github.com/flipped-aurora/gin-vue-admin/server]2021/12/06 - 23:41:40.761	[35mdebug[0m	D:/goPro/src/github.com/n1n1n1_owner/crmServer/utils/directory.go:40	create directoryautocode_template\server\sipRegistrations\model
[github.com/flipped-aurora/gin-vue-admin/server]2021/12/06 - 23:41:40.762	[35mdebug[0m	D:/goPro/src/github.com/n1n1n1_owner/crmServer/utils/directory.go:40	create directoryautocode_template\server\sipRegistrations\request
[github.com/flipped-aurora/gin-vue-admin/server]2021/12/06 - 23:41:40.762	[35mdebug[0m	D:/goPro/src/github.com/n1n1n1_owner/crmServer/utils/directory.go:40	create directoryautocode_template\server\sipRegistrations\router
[github.com/flipped-aurora/gin-vue-admin/server]2021/12/06 - 23:41:40.763	[35mdebug[0m	D:/goPro/src/github.com/n1n1n1_owner/crmServer/utils/directory.go:40	create directoryautocode_template\server\sipRegistrations\service
[github.com/flipped-aurora/gin-vue-admin/server]2021/12/06 - 23:41:40.776	[35mdebug[0m	D:/goPro/src/github.com/n1n1n1_owner/crmServer/utils/directory.go:40	create directoryautocode_template\web\sipRegistrations\api
[github.com/flipped-aurora/gin-vue-admin/server]2021/12/06 - 23:41:40.778	[35mdebug[0m	D:/goPro/src/github.com/n1n1n1_owner/crmServer/utils/directory.go:40	create directoryautocode_template\web\sipRegistrations\form
[github.com/flipped-aurora/gin-vue-admin/server]2021/12/06 - 23:41:40.778	[35mdebug[0m	D:/goPro/src/github.com/n1n1n1_owner/crmServer/utils/directory.go:40	create directoryautocode_template\web\sipRegistrations\table
[github.com/flipped-aurora/gin-vue-admin/server]2021/12/07 - 00:40:38.797	[35mdebug[0m	D:/goPro/src/github.com/n1n1n1_owner/crmServer/utils/directory.go:40	create directoryautocode_template\server\sipRegistrations\api
[github.com/flipped-aurora/gin-vue-admin/server]2021/12/07 - 00:40:38.799	[35mdebug[0m	D:/goPro/src/github.com/n1n1n1_owner/crmServer/utils/directory.go:40	create directoryautocode_template\server\sipRegistrations\model
[github.com/flipped-aurora/gin-vue-admin/server]2021/12/07 - 00:40:38.799	[35mdebug[0m	D:/goPro/src/github.com/n1n1n1_owner/crmServer/utils/directory.go:40	create directoryautocode_template\server\sipRegistrations\request
[github.com/flipped-aurora/gin-vue-admin/server]2021/12/07 - 00:40:38.800	[35mdebug[0m	D:/goPro/src/github.com/n1n1n1_owner/crmServer/utils/directory.go:40	create directoryautocode_template\server\sipRegistrations\router
[github.com/flipped-aurora/gin-vue-admin/server]2021/12/07 - 00:40:38.800	[35mdebug[0m	D:/goPro/src/github.com/n1n1n1_owner/crmServer/utils/directory.go:40	create directoryautocode_template\server\sipRegistrations\service
[github.com/flipped-aurora/gin-vue-admin/server]2021/12/07 - 00:40:38.800	[35mdebug[0m	D:/goPro/src/github.com/n1n1n1_owner/crmServer/utils/directory.go:40	create directoryautocode_template\web\sipRegistrations\api
[github.com/flipped-aurora/gin-vue-admin/server]2021/12/07 - 00:40:38.801	[35mdebug[0m	D:/goPro/src/github.com/n1n1n1_owner/crmServer/utils/directory.go:40	create directoryautocode_template\web\sipRegistrations\form
[github.com/flipped-aurora/gin-vue-admin/server]2021/12/07 - 00:40:38.802	[35mdebug[0m	D:/goPro/src/github.com/n1n1n1_owner/crmServer/utils/directory.go:40	create directoryautocode_template\web\sipRegistrations\table
[github.com/flipped-aurora/gin-vue-admin/server]2021/12/07 - 00:58:13.407	[35mdebug[0m	D:/goPro/src/github.com/n1n1n1_owner/crmServer/utils/directory.go:40	create directoryautocode_template\server\cdrCustomer\api
[github.com/flipped-aurora/gin-vue-admin/server]2021/12/07 - 00:58:13.408	[35mdebug[0m	D:/goPro/src/github.com/n1n1n1_owner/crmServer/utils/directory.go:40	create directoryautocode_template\server\cdrCustomer\model
[github.com/flipped-aurora/gin-vue-admin/server]2021/12/07 - 00:58:13.409	[35mdebug[0m	D:/goPro/src/github.com/n1n1n1_owner/crmServer/utils/directory.go:40	create directoryautocode_template\server\cdrCustomer\request
[github.com/flipped-aurora/gin-vue-admin/server]2021/12/07 - 00:58:13.409	[35mdebug[0m	D:/goPro/src/github.com/n1n1n1_owner/crmServer/utils/directory.go:40	create directoryautocode_template\server\cdrCustomer\router
[github.com/flipped-aurora/gin-vue-admin/server]2021/12/07 - 00:58:13.410	[35mdebug[0m	D:/goPro/src/github.com/n1n1n1_owner/crmServer/utils/directory.go:40	create directoryautocode_template\server\cdrCustomer\service
[github.com/flipped-aurora/gin-vue-admin/server]2021/12/07 - 00:58:13.410	[35mdebug[0m	D:/goPro/src/github.com/n1n1n1_owner/crmServer/utils/directory.go:40	create directoryautocode_template\web\cdrCustomer\api
[github.com/flipped-aurora/gin-vue-admin/server]2021/12/07 - 00:58:13.411	[35mdebug[0m	D:/goPro/src/github.com/n1n1n1_owner/crmServer/utils/directory.go:40	create directoryautocode_template\web\cdrCustomer\form
[github.com/flipped-aurora/gin-vue-admin/server]2021/12/07 - 00:58:13.412	[35mdebug[0m	D:/goPro/src/github.com/n1n1n1_owner/crmServer/utils/directory.go:40	create directoryautocode_template\web\cdrCustomer\table
[github.com/flipped-aurora/gin-vue-admin/server]2021/12/07 - 00:58:25.441	[35mdebug[0m	D:/goPro/src/github.com/n1n1n1_owner/crmServer/utils/directory.go:40	create directoryautocode_template\server\cdrCustomer\api
[github.com/flipped-aurora/gin-vue-admin/server]2021/12/07 - 00:58:25.442	[35mdebug[0m	D:/goPro/src/github.com/n1n1n1_owner/crmServer/utils/directory.go:40	create directoryautocode_template\server\cdrCustomer\model
[github.com/flipped-aurora/gin-vue-admin/server]2021/12/07 - 00:58:25.443	[35mdebug[0m	D:/goPro/src/github.com/n1n1n1_owner/crmServer/utils/directory.go:40	create directoryautocode_template\server\cdrCustomer\request
[github.com/flipped-aurora/gin-vue-admin/server]2021/12/07 - 00:58:25.443	[35mdebug[0m	D:/goPro/src/github.com/n1n1n1_owner/crmServer/utils/directory.go:40	create directoryautocode_template\server\cdrCustomer\router
[github.com/flipped-aurora/gin-vue-admin/server]2021/12/07 - 00:58:25.444	[35mdebug[0m	D:/goPro/src/github.com/n1n1n1_owner/crmServer/utils/directory.go:40	create directoryautocode_template\server\cdrCustomer\service
[github.com/flipped-aurora/gin-vue-admin/server]2021/12/07 - 00:58:25.444	[35mdebug[0m	D:/goPro/src/github.com/n1n1n1_owner/crmServer/utils/directory.go:40	create directoryautocode_template\web\cdrCustomer\api
[github.com/flipped-aurora/gin-vue-admin/server]2021/12/07 - 00:58:25.446	[35mdebug[0m	D:/goPro/src/github.com/n1n1n1_owner/crmServer/utils/directory.go:40	create directoryautocode_template\web\cdrCustomer\form
[github.com/flipped-aurora/gin-vue-admin/server]2021/12/07 - 00:58:25.446	[35mdebug[0m	D:/goPro/src/github.com/n1n1n1_owner/crmServer/utils/directory.go:40	create directoryautocode_template\web\cdrCustomer\table
[github.com/flipped-aurora/gin-vue-admin/server]2021/12/07 - 01:07:15.602	[35mdebug[0m	D:/goPro/src/github.com/n1n1n1_owner/crmServer/utils/directory.go:40	create directoryautocode_template\server\cdrCustomer\api
[github.com/flipped-aurora/gin-vue-admin/server]2021/12/07 - 01:07:15.604	[35mdebug[0m	D:/goPro/src/github.com/n1n1n1_owner/crmServer/utils/directory.go:40	create directoryautocode_template\server\cdrCustomer\model
[github.com/flipped-aurora/gin-vue-admin/server]2021/12/07 - 01:07:15.604	[35mdebug[0m	D:/goPro/src/github.com/n1n1n1_owner/crmServer/utils/directory.go:40	create directoryautocode_template\server\cdrCustomer\request
[github.com/flipped-aurora/gin-vue-admin/server]2021/12/07 - 01:07:15.605	[35mdebug[0m	D:/goPro/src/github.com/n1n1n1_owner/crmServer/utils/directory.go:40	create directoryautocode_template\server\cdrCustomer\router
[github.com/flipped-aurora/gin-vue-admin/server]2021/12/07 - 01:07:15.605	[35mdebug[0m	D:/goPro/src/github.com/n1n1n1_owner/crmServer/utils/directory.go:40	create directoryautocode_template\server\cdrCustomer\service
[github.com/flipped-aurora/gin-vue-admin/server]2021/12/07 - 01:07:15.606	[35mdebug[0m	D:/goPro/src/github.com/n1n1n1_owner/crmServer/utils/directory.go:40	create directoryautocode_template\web\cdrCustomer\api
[github.com/flipped-aurora/gin-vue-admin/server]2021/12/07 - 01:07:15.621	[35mdebug[0m	D:/goPro/src/github.com/n1n1n1_owner/crmServer/utils/directory.go:40	create directoryautocode_template\web\cdrCustomer\form
[github.com/flipped-aurora/gin-vue-admin/server]2021/12/07 - 01:07:15.621	[35mdebug[0m	D:/goPro/src/github.com/n1n1n1_owner/crmServer/utils/directory.go:40	create directoryautocode_template\web\cdrCustomer\table
[github.com/flipped-aurora/gin-vue-admin/server]2021/12/07 - 01:07:59.189	[35mdebug[0m	D:/goPro/src/github.com/n1n1n1_owner/crmServer/utils/directory.go:40	create directoryautocode_template\server\cdrCustomer\api
[github.com/flipped-aurora/gin-vue-admin/server]2021/12/07 - 01:07:59.190	[35mdebug[0m	D:/goPro/src/github.com/n1n1n1_owner/crmServer/utils/directory.go:40	create directoryautocode_template\server\cdrCustomer\model
[github.com/flipped-aurora/gin-vue-admin/server]2021/12/07 - 01:07:59.191	[35mdebug[0m	D:/goPro/src/github.com/n1n1n1_owner/crmServer/utils/directory.go:40	create directoryautocode_template\server\cdrCustomer\request
[github.com/flipped-aurora/gin-vue-admin/server]2021/12/07 - 01:07:59.191	[35mdebug[0m	D:/goPro/src/github.com/n1n1n1_owner/crmServer/utils/directory.go:40	create directoryautocode_template\server\cdrCustomer\router
[github.com/flipped-aurora/gin-vue-admin/server]2021/12/07 - 01:07:59.191	[35mdebug[0m	D:/goPro/src/github.com/n1n1n1_owner/crmServer/utils/directory.go:40	create directoryautocode_template\server\cdrCustomer\service
[github.com/flipped-aurora/gin-vue-admin/server]2021/12/07 - 01:07:59.192	[35mdebug[0m	D:/goPro/src/github.com/n1n1n1_owner/crmServer/utils/directory.go:40	create directoryautocode_template\web\cdrCustomer\api
[github.com/flipped-aurora/gin-vue-admin/server]2021/12/07 - 01:07:59.193	[35mdebug[0m	D:/goPro/src/github.com/n1n1n1_owner/crmServer/utils/directory.go:40	create directoryautocode_template\web\cdrCustomer\form
[github.com/flipped-aurora/gin-vue-admin/server]2021/12/07 - 01:07:59.193	[35mdebug[0m	D:/goPro/src/github.com/n1n1n1_owner/crmServer/utils/directory.go:40	create directoryautocode_template\web\cdrCustomer\table
[github.com/flipped-aurora/gin-vue-admin/server]2021/12/07 - 01:09:50.557	[35mdebug[0m	D:/goPro/src/github.com/n1n1n1_owner/crmServer/utils/directory.go:40	create directoryautocode_template\server\cdrCustomer\api
[github.com/flipped-aurora/gin-vue-admin/server]2021/12/07 - 01:09:50.559	[35mdebug[0m	D:/goPro/src/github.com/n1n1n1_owner/crmServer/utils/directory.go:40	create directoryautocode_template\server\cdrCustomer\model
[github.com/flipped-aurora/gin-vue-admin/server]2021/12/07 - 01:09:50.559	[35mdebug[0m	D:/goPro/src/github.com/n1n1n1_owner/crmServer/utils/directory.go:40	create directoryautocode_template\server\cdrCustomer\request
[github.com/flipped-aurora/gin-vue-admin/server]2021/12/07 - 01:09:50.560	[35mdebug[0m	D:/goPro/src/github.com/n1n1n1_owner/crmServer/utils/directory.go:40	create directoryautocode_template\server\cdrCustomer\router
[github.com/flipped-aurora/gin-vue-admin/server]2021/12/07 - 01:09:50.560	[35mdebug[0m	D:/goPro/src/github.com/n1n1n1_owner/crmServer/utils/directory.go:40	create directoryautocode_template\server\cdrCustomer\service
[github.com/flipped-aurora/gin-vue-admin/server]2021/12/07 - 01:09:50.561	[35mdebug[0m	D:/goPro/src/github.com/n1n1n1_owner/crmServer/utils/directory.go:40	create directoryautocode_template\web\cdrCustomer\api
[github.com/flipped-aurora/gin-vue-admin/server]2021/12/07 - 01:09:50.562	[35mdebug[0m	D:/goPro/src/github.com/n1n1n1_owner/crmServer/utils/directory.go:40	create directoryautocode_template\web\cdrCustomer\form
[github.com/flipped-aurora/gin-vue-admin/server]2021/12/07 - 01:09:50.562	[35mdebug[0m	D:/goPro/src/github.com/n1n1n1_owner/crmServer/utils/directory.go:40	create directoryautocode_template\web\cdrCustomer\table
[github.com/flipped-aurora/gin-vue-admin/server]2021/12/07 - 01:13:35.942	[35mdebug[0m	D:/goPro/src/github.com/n1n1n1_owner/crmServer/utils/directory.go:40	create directoryautocode_template\server\cdrCustomer\api
[github.com/flipped-aurora/gin-vue-admin/server]2021/12/07 - 01:13:35.943	[35mdebug[0m	D:/goPro/src/github.com/n1n1n1_owner/crmServer/utils/directory.go:40	create directoryautocode_template\server\cdrCustomer\model
[github.com/flipped-aurora/gin-vue-admin/server]2021/12/07 - 01:13:35.944	[35mdebug[0m	D:/goPro/src/github.com/n1n1n1_owner/crmServer/utils/directory.go:40	create directoryautocode_template\server\cdrCustomer\request
[github.com/flipped-aurora/gin-vue-admin/server]2021/12/07 - 01:13:35.944	[35mdebug[0m	D:/goPro/src/github.com/n1n1n1_owner/crmServer/utils/directory.go:40	create directoryautocode_template\server\cdrCustomer\router
[github.com/flipped-aurora/gin-vue-admin/server]2021/12/07 - 01:13:35.945	[35mdebug[0m	D:/goPro/src/github.com/n1n1n1_owner/crmServer/utils/directory.go:40	create directoryautocode_template\server\cdrCustomer\service
[github.com/flipped-aurora/gin-vue-admin/server]2021/12/07 - 01:13:35.945	[35mdebug[0m	D:/goPro/src/github.com/n1n1n1_owner/crmServer/utils/directory.go:40	create directoryautocode_template\web\cdrCustomer\api
[github.com/flipped-aurora/gin-vue-admin/server]2021/12/07 - 01:13:35.946	[35mdebug[0m	D:/goPro/src/github.com/n1n1n1_owner/crmServer/utils/directory.go:40	create directoryautocode_template\web\cdrCustomer\form
[github.com/flipped-aurora/gin-vue-admin/server]2021/12/07 - 01:13:35.946	[35mdebug[0m	D:/goPro/src/github.com/n1n1n1_owner/crmServer/utils/directory.go:40	create directoryautocode_template\web\cdrCustomer\table
[github.com/flipped-aurora/gin-vue-admin/server]2021/12/07 - 21:20:08.310	[35mdebug[0m	D:/goPro/src/github.com/n1n1n1_owner/crmServer/utils/directory.go:40	create directoryautocode_template\server\cdrLine\api
[github.com/flipped-aurora/gin-vue-admin/server]2021/12/07 - 21:20:08.335	[35mdebug[0m	D:/goPro/src/github.com/n1n1n1_owner/crmServer/utils/directory.go:40	create directoryautocode_template\server\cdrLine\model
[github.com/flipped-aurora/gin-vue-admin/server]2021/12/07 - 21:20:08.336	[35mdebug[0m	D:/goPro/src/github.com/n1n1n1_owner/crmServer/utils/directory.go:40	create directoryautocode_template\server\cdrLine\request
[github.com/flipped-aurora/gin-vue-admin/server]2021/12/07 - 21:20:08.338	[35mdebug[0m	D:/goPro/src/github.com/n1n1n1_owner/crmServer/utils/directory.go:40	create directoryautocode_template\server\cdrLine\router
[github.com/flipped-aurora/gin-vue-admin/server]2021/12/07 - 21:20:08.339	[35mdebug[0m	D:/goPro/src/github.com/n1n1n1_owner/crmServer/utils/directory.go:40	create directoryautocode_template\server\cdrLine\service
[github.com/flipped-aurora/gin-vue-admin/server]2021/12/07 - 21:20:08.342	[35mdebug[0m	D:/goPro/src/github.com/n1n1n1_owner/crmServer/utils/directory.go:40	create directoryautocode_template\web\cdrLine\api
[github.com/flipped-aurora/gin-vue-admin/server]2021/12/07 - 21:20:08.346	[35mdebug[0m	D:/goPro/src/github.com/n1n1n1_owner/crmServer/utils/directory.go:40	create directoryautocode_template\web\cdrLine\form
[github.com/flipped-aurora/gin-vue-admin/server]2021/12/07 - 21:20:08.348	[35mdebug[0m	D:/goPro/src/github.com/n1n1n1_owner/crmServer/utils/directory.go:40	create directoryautocode_template\web\cdrLine\table
[github.com/flipped-aurora/gin-vue-admin/server]2021/12/07 - 21:37:36.682	[35mdebug[0m	D:/goPro/src/github.com/n1n1n1_owner/crmServer/utils/directory.go:40	create directoryautocode_template\server\cdrLine\api
[github.com/flipped-aurora/gin-vue-admin/server]2021/12/07 - 21:37:36.683	[35mdebug[0m	D:/goPro/src/github.com/n1n1n1_owner/crmServer/utils/directory.go:40	create directoryautocode_template\server\cdrLine\model
[github.com/flipped-aurora/gin-vue-admin/server]2021/12/07 - 21:37:36.684	[35mdebug[0m	D:/goPro/src/github.com/n1n1n1_owner/crmServer/utils/directory.go:40	create directoryautocode_template\server\cdrLine\request
[github.com/flipped-aurora/gin-vue-admin/server]2021/12/07 - 21:37:36.684	[35mdebug[0m	D:/goPro/src/github.com/n1n1n1_owner/crmServer/utils/directory.go:40	create directoryautocode_template\server\cdrLine\router
[github.com/flipped-aurora/gin-vue-admin/server]2021/12/07 - 21:37:36.685	[35mdebug[0m	D:/goPro/src/github.com/n1n1n1_owner/crmServer/utils/directory.go:40	create directoryautocode_template\server\cdrLine\service
[github.com/flipped-aurora/gin-vue-admin/server]2021/12/07 - 21:37:36.685	[35mdebug[0m	D:/goPro/src/github.com/n1n1n1_owner/crmServer/utils/directory.go:40	create directoryautocode_template\web\cdrLine\api
[github.com/flipped-aurora/gin-vue-admin/server]2021/12/07 - 21:37:36.686	[35mdebug[0m	D:/goPro/src/github.com/n1n1n1_owner/crmServer/utils/directory.go:40	create directoryautocode_template\web\cdrLine\form
[github.com/flipped-aurora/gin-vue-admin/server]2021/12/07 - 21:37:36.687	[35mdebug[0m	D:/goPro/src/github.com/n1n1n1_owner/crmServer/utils/directory.go:40	create directoryautocode_template\web\cdrLine\table
[github.com/flipped-aurora/gin-vue-admin/server]2021/12/07 - 22:07:19.481	[35mdebug[0m	D:/goPro/src/github.com/n1n1n1_owner/crmServer/utils/directory.go:40	create directoryautocode_template\server\cdrRate\api
[github.com/flipped-aurora/gin-vue-admin/server]2021/12/07 - 22:07:19.483	[35mdebug[0m	D:/goPro/src/github.com/n1n1n1_owner/crmServer/utils/directory.go:40	create directoryautocode_template\server\cdrRate\model
[github.com/flipped-aurora/gin-vue-admin/server]2021/12/07 - 22:07:19.483	[35mdebug[0m	D:/goPro/src/github.com/n1n1n1_owner/crmServer/utils/directory.go:40	create directoryautocode_template\server\cdrRate\request
[github.com/flipped-aurora/gin-vue-admin/server]2021/12/07 - 22:07:19.484	[35mdebug[0m	D:/goPro/src/github.com/n1n1n1_owner/crmServer/utils/directory.go:40	create directoryautocode_template\server\cdrRate\router
[github.com/flipped-aurora/gin-vue-admin/server]2021/12/07 - 22:07:19.485	[35mdebug[0m	D:/goPro/src/github.com/n1n1n1_owner/crmServer/utils/directory.go:40	create directoryautocode_template\server\cdrRate\service
[github.com/flipped-aurora/gin-vue-admin/server]2021/12/07 - 22:07:19.486	[35mdebug[0m	D:/goPro/src/github.com/n1n1n1_owner/crmServer/utils/directory.go:40	create directoryautocode_template\web\cdrRate\api
[github.com/flipped-aurora/gin-vue-admin/server]2021/12/07 - 22:07:19.487	[35mdebug[0m	D:/goPro/src/github.com/n1n1n1_owner/crmServer/utils/directory.go:40	create directoryautocode_template\web\cdrRate\form
[github.com/flipped-aurora/gin-vue-admin/server]2021/12/07 - 22:07:19.489	[35mdebug[0m	D:/goPro/src/github.com/n1n1n1_owner/crmServer/utils/directory.go:40	create directoryautocode_template\web\cdrRate\table
[github.com/flipped-aurora/gin-vue-admin/server]2021/12/07 - 22:16:02.519	[35mdebug[0m	D:/goPro/src/github.com/n1n1n1_owner/crmServer/utils/directory.go:40	create directoryautocode_template\server\cdrSetmeal\api
[github.com/flipped-aurora/gin-vue-admin/server]2021/12/07 - 22:16:02.520	[35mdebug[0m	D:/goPro/src/github.com/n1n1n1_owner/crmServer/utils/directory.go:40	create directoryautocode_template\server\cdrSetmeal\model
[github.com/flipped-aurora/gin-vue-admin/server]2021/12/07 - 22:16:02.521	[35mdebug[0m	D:/goPro/src/github.com/n1n1n1_owner/crmServer/utils/directory.go:40	create directoryautocode_template\server\cdrSetmeal\request
[github.com/flipped-aurora/gin-vue-admin/server]2021/12/07 - 22:16:02.521	[35mdebug[0m	D:/goPro/src/github.com/n1n1n1_owner/crmServer/utils/directory.go:40	create directoryautocode_template\server\cdrSetmeal\router
[github.com/flipped-aurora/gin-vue-admin/server]2021/12/07 - 22:16:02.522	[35mdebug[0m	D:/goPro/src/github.com/n1n1n1_owner/crmServer/utils/directory.go:40	create directoryautocode_template\server\cdrSetmeal\service
[github.com/flipped-aurora/gin-vue-admin/server]2021/12/07 - 22:16:02.522	[35mdebug[0m	D:/goPro/src/github.com/n1n1n1_owner/crmServer/utils/directory.go:40	create directoryautocode_template\web\cdrSetmeal\api
[github.com/flipped-aurora/gin-vue-admin/server]2021/12/07 - 22:16:02.523	[35mdebug[0m	D:/goPro/src/github.com/n1n1n1_owner/crmServer/utils/directory.go:40	create directoryautocode_template\web\cdrSetmeal\form
[github.com/flipped-aurora/gin-vue-admin/server]2021/12/07 - 22:16:02.524	[35mdebug[0m	D:/goPro/src/github.com/n1n1n1_owner/crmServer/utils/directory.go:40	create directoryautocode_template\web\cdrSetmeal\table
